<?xml version="1.0" encoding="UTF-8"?>
<testng-results ignored="0" total="2" passed="2" failed="0" skipped="0">
  <reporter-output>
  </reporter-output>
  <suite started-at="2024-06-15T11:05:18 IST" name="Suite" finished-at="2024-06-15T11:05:31 IST" duration-ms="12792">
    <groups>
    </groups>
    <test started-at="2024-06-15T11:05:18 IST" name="Test" finished-at="2024-06-15T11:05:31 IST" duration-ms="12792">
      <class name="testlayer.Testlayer">
        <test-method is-config="true" signature="start()[pri:0, instance:testlayer.Testlayer@3270d194]" started-at="2024-06-15T11:05:18 IST" name="start" finished-at="2024-06-15T11:05:19 IST" duration-ms="112" status="PASS">
          <reporter-output>
          </reporter-output>
        </test-method> <!-- start -->
        <test-method is-config="true" signature="setup()[pri:0, instance:testlayer.Testlayer@3270d194]" started-at="2024-06-15T11:05:19 IST" name="setup" finished-at="2024-06-15T11:05:22 IST" duration-ms="3359" status="PASS">
          <reporter-output>
          </reporter-output>
        </test-method> <!-- setup -->
        <test-method signature="verifylogin()[pri:0, instance:testlayer.Testlayer@3270d194]" started-at="2024-06-15T11:05:22 IST" name="verifylogin" finished-at="2024-06-15T11:05:23 IST" duration-ms="779" status="PASS">
          <reporter-output>
          </reporter-output>
        </test-method> <!-- verifylogin -->
        <test-method is-config="true" signature="teardown()[pri:0, instance:testlayer.Testlayer@3270d194]" started-at="2024-06-15T11:05:23 IST" name="teardown" finished-at="2024-06-15T11:05:23 IST" duration-ms="186" status="PASS">
          <reporter-output>
          </reporter-output>
        </test-method> <!-- teardown -->
        <test-method is-config="true" signature="stop()[pri:0, instance:testlayer.Testlayer@3270d194]" started-at="2024-06-15T11:05:23 IST" name="stop" finished-at="2024-06-15T11:05:23 IST" duration-ms="1" status="PASS">
          <reporter-output>
          </reporter-output>
        </test-method> <!-- stop -->
      </class> <!-- testlayer.Testlayer -->
      <class name="testlayer.ContactTest">
        <test-method is-config="true" signature="start()[pri:0, instance:testlayer.ContactTest@7b98f307]" started-at="2024-06-15T11:05:23 IST" name="start" finished-at="2024-06-15T11:05:23 IST" duration-ms="5" status="PASS">
          <reporter-output>
          </reporter-output>
        </test-method> <!-- start -->
        <test-method is-config="true" signature="setup()[pri:0, instance:testlayer.ContactTest@7b98f307]" started-at="2024-06-15T11:05:23 IST" name="setup" finished-at="2024-06-15T11:05:26 IST" duration-ms="2951" status="PASS">
          <reporter-output>
          </reporter-output>
        </test-method> <!-- setup -->
        <test-method signature="contacttest()[pri:0, instance:testlayer.ContactTest@7b98f307]" started-at="2024-06-15T11:05:26 IST" name="contacttest" finished-at="2024-06-15T11:05:29 IST" duration-ms="3522" status="PASS">
          <reporter-output>
          </reporter-output>
        </test-method> <!-- contacttest -->
        <test-method is-config="true" signature="teardown()[pri:0, instance:testlayer.ContactTest@7b98f307]" started-at="2024-06-15T11:05:29 IST" name="teardown" finished-at="2024-06-15T11:05:31 IST" duration-ms="1810" status="PASS">
          <reporter-output>
          </reporter-output>
        </test-method> <!-- teardown -->
        <test-method is-config="true" signature="stop()[pri:0, instance:testlayer.ContactTest@7b98f307]" started-at="2024-06-15T11:05:31 IST" name="stop" finished-at="2024-06-15T11:05:31 IST" duration-ms="0" status="PASS">
          <reporter-output>
          </reporter-output>
        </test-method> <!-- stop -->
      </class> <!-- testlayer.ContactTest -->
    </test> <!-- Test -->
  </suite> <!-- Suite -->
</testng-results>
