<?xml version="1.0" encoding="UTF-8"?>
<testng-results ignored="0" total="1" passed="1" failed="0" skipped="0">
  <reporter-output>
  </reporter-output>
  <suite started-at="2024-06-24T22:44:13 IST" name="Default suite" finished-at="2024-06-24T22:45:50 IST" duration-ms="97266">
    <groups>
    </groups>
    <test started-at="2024-06-24T22:44:13 IST" name="Default test" finished-at="2024-06-24T22:45:50 IST" duration-ms="97266">
      <class name="com.myntraapp.testlayer.AddToCartFunctionality">
        <test-method is-config="true" signature="strt()[pri:0, instance:com.myntraapp.testlayer.AddToCartFunctionality@35d019a3]" started-at="2024-06-24T22:44:13 IST" name="strt" finished-at="2024-06-24T22:44:13 IST" duration-ms="105" status="PASS">
          <reporter-output>
          </reporter-output>
        </test-method> <!-- strt -->
        <test-method is-config="true" signature="SetUp()[pri:0, instance:com.myntraapp.testlayer.AddToCartFunctionality@35d019a3]" started-at="2024-06-24T22:44:13 IST" name="SetUp" finished-at="2024-06-24T22:44:57 IST" duration-ms="44266" status="PASS">
          <reporter-output>
          </reporter-output>
        </test-method> <!-- SetUp -->
        <test-method signature="veryfyaddtocartfunctionality()[pri:0, instance:com.myntraapp.testlayer.AddToCartFunctionality@35d019a3]" started-at="2024-06-24T22:44:57 IST" name="veryfyaddtocartfunctionality" finished-at="2024-06-24T22:45:50 IST" duration-ms="52519" status="PASS">
          <reporter-output>
          </reporter-output>
        </test-method> <!-- veryfyaddtocartfunctionality -->
        <test-method is-config="true" signature="TesrDown()[pri:0, instance:com.myntraapp.testlayer.AddToCartFunctionality@35d019a3]" started-at="2024-06-24T22:45:50 IST" name="TesrDown" finished-at="2024-06-24T22:45:50 IST" duration-ms="333" status="PASS">
          <reporter-output>
          </reporter-output>
        </test-method> <!-- TesrDown -->
        <test-method is-config="true" signature="end()[pri:0, instance:com.myntraapp.testlayer.AddToCartFunctionality@35d019a3]" started-at="2024-06-24T22:45:50 IST" name="end" finished-at="2024-06-24T22:45:50 IST" duration-ms="0" status="PASS">
          <reporter-output>
          </reporter-output>
        </test-method> <!-- end -->
      </class> <!-- com.myntraapp.testlayer.AddToCartFunctionality -->
    </test> <!-- Default test -->
  </suite> <!-- Default suite -->
</testng-results>
